0 info it worked if it ends with ok
1 verbose cli [ '/usr/bin/node', '/usr/bin/npm', 'install', '-g', 'n' ]
2 info using npm@2.0.0
3 info using node@v0.11.14
4 verbose node symlink /usr/bin/node
5 verbose cache add [ 'n', null ]
6 verbose cache add spec="n" args=["n",null]
7 verbose parsed spec { raw: 'n',
7 verbose parsed spec   scope: null,
7 verbose parsed spec   name: 'n',
7 verbose parsed spec   rawSpec: '',
7 verbose parsed spec   spec: '*',
7 verbose parsed spec   type: 'range' }
8 verbose parsed spec { raw: 'n',
8 verbose parsed spec   scope: null,
8 verbose parsed spec   name: 'n',
8 verbose parsed spec   rawSpec: '',
8 verbose parsed spec   spec: '*',
8 verbose parsed spec   type: 'range' }
9 verbose addNamed [ 'n', '*' ]
10 verbose addNamed [ null, '*' ]
11 silly lockFile f07fadeb-n n@*
12 verbose lock n@* /home/marthaelena/.npm/f07fadeb-n.lock
13 silly addNameRange { name: 'n', range: '*', hasData: false }
14 verbose mapToRegistry name n
15 verbose mapToRegistry uri https://registry.npmjs.org/n
16 verbose request on initialization, where is /n
17 verbose request after pass 1, where is /n
18 verbose request url raw /n
19 verbose request resolving registry [ 'https://registry.npmjs.org/', './n' ]
20 verbose request after pass 2, where is https://registry.npmjs.org/n
21 verbose request no auth needed
22 info attempt registry request try #1 at 16:34:08
23 verbose request id 3f40ed1c7b570623
24 http request GET https://registry.npmjs.org/n
25 http 200 https://registry.npmjs.org/n
26 silly registry.get cb [ 200,
26 silly registry.get   { date: 'Tue, 06 Jan 2015 22:34:09 GMT',
26 silly registry.get     server: 'CouchDB/1.5.0 (Erlang OTP/R16B03)',
26 silly registry.get     etag: '"2HTIEM5XYTL67AG7OAGDCESOI"',
26 silly registry.get     'content-type': 'application/json',
26 silly registry.get     'cache-control': 'max-age=60',
26 silly registry.get     'content-length': '38784',
26 silly registry.get     'accept-ranges': 'bytes',
26 silly registry.get     via: '1.1 varnish',
26 silly registry.get     age: '18',
26 silly registry.get     'x-served-by': 'cache-ord1735-ORD',
26 silly registry.get     'x-cache': 'HIT',
26 silly registry.get     'x-cache-hits': '1',
26 silly registry.get     'x-timer': 'S1420583649.300732,VS0,VE0',
26 silly registry.get     vary: 'Accept',
26 silly registry.get     connection: 'close' } ]
27 silly addNameRange number 2 { name: 'n', range: '*', hasData: true }
28 silly addNameRange versions [ 'n',
28 silly addNameRange   [ '0.0.1',
28 silly addNameRange     '0.0.2',
28 silly addNameRange     '0.0.3',
28 silly addNameRange     '0.0.4',
28 silly addNameRange     '0.1.0',
28 silly addNameRange     '0.1.1',
28 silly addNameRange     '0.1.2',
28 silly addNameRange     '0.2.0',
28 silly addNameRange     '0.2.1',
28 silly addNameRange     '0.2.2',
28 silly addNameRange     '0.3.0',
28 silly addNameRange     '0.4.0',
28 silly addNameRange     '0.4.1',
28 silly addNameRange     '0.4.2',
28 silly addNameRange     '0.5.0',
28 silly addNameRange     '0.5.1',
28 silly addNameRange     '0.5.2',
28 silly addNameRange     '0.5.3',
28 silly addNameRange     '0.5.4',
28 silly addNameRange     '0.6.0',
28 silly addNameRange     '0.6.1',
28 silly addNameRange     '0.7.0',
28 silly addNameRange     '0.7.1',
28 silly addNameRange     '0.7.2',
28 silly addNameRange     '0.7.3',
28 silly addNameRange     '0.8.0',
28 silly addNameRange     '0.8.1',
28 silly addNameRange     '0.8.2',
28 silly addNameRange     '0.9.0',
28 silly addNameRange     '0.9.1',
28 silly addNameRange     '0.9.2',
28 silly addNameRange     '0.9.3',
28 silly addNameRange     '1.0.0',
28 silly addNameRange     '1.1.0',
28 silly addNameRange     '1.2.1',
28 silly addNameRange     '1.2.2',
28 silly addNameRange     '1.2.3',
28 silly addNameRange     '1.2.4',
28 silly addNameRange     '1.2.5',
28 silly addNameRange     '1.2.6',
28 silly addNameRange     '1.2.7',
28 silly addNameRange     '1.2.8',
28 silly addNameRange     '1.2.9',
28 silly addNameRange     '1.2.11',
28 silly addNameRange     '1.2.13' ] ]
29 verbose addNamed [ 'n', '1.2.13' ]
30 verbose addNamed [ '1.2.13', '1.2.13' ]
31 silly lockFile c0e64dfd-n-1-2-13 n@1.2.13
32 verbose lock n@1.2.13 /home/marthaelena/.npm/c0e64dfd-n-1-2-13.lock
33 silly lockFile b56000b0-egistry-npmjs-org-n-n-1-2-13-tgz https://registry.npmjs.org/n/-/n-1.2.13.tgz
34 verbose lock https://registry.npmjs.org/n/-/n-1.2.13.tgz /home/marthaelena/.npm/b56000b0-egistry-npmjs-org-n-n-1-2-13-tgz.lock
35 verbose addRemoteTarball [ 'https://registry.npmjs.org/n/-/n-1.2.13.tgz',
35 verbose addRemoteTarball   '90922391ba49e2386ae316370915085042074190' ]
36 info retry fetch attempt 1 at 16:34:09
37 info attempt registry request try #1 at 16:34:09
38 http fetch GET https://registry.npmjs.org/n/-/n-1.2.13.tgz
39 http fetch 200 https://registry.npmjs.org/n/-/n-1.2.13.tgz
40 silly fetchAndShaCheck shasum 90922391ba49e2386ae316370915085042074190
41 silly lockFile b56000b0-egistry-npmjs-org-n-n-1-2-13-tgz https://registry.npmjs.org/n/-/n-1.2.13.tgz
42 silly lockFile b56000b0-egistry-npmjs-org-n-n-1-2-13-tgz https://registry.npmjs.org/n/-/n-1.2.13.tgz
43 silly lockFile c0e64dfd-n-1-2-13 n@1.2.13
44 silly lockFile c0e64dfd-n-1-2-13 n@1.2.13
45 silly lockFile f07fadeb-n n@*
46 silly lockFile f07fadeb-n n@*
47 silly resolved [ { name: 'n',
47 silly resolved     description: 'node version manager',
47 silly resolved     version: '1.2.13',
47 silly resolved     author: { name: 'TJ Holowaychuk', email: 'tj@vision-media.ca' },
47 silly resolved     homepage: 'https://github.com/tj/n',
47 silly resolved     bugs: { url: 'https://github.com/tj/n/issues' },
47 silly resolved     contributors: [ [Object] ],
47 silly resolved     keywords:
47 silly resolved      [ 'nvm',
47 silly resolved        'node',
47 silly resolved        'version',
47 silly resolved        'manager',
47 silly resolved        'switcher',
47 silly resolved        'node',
47 silly resolved        'binary',
47 silly resolved        'env' ],
47 silly resolved     bin: { n: './bin/n' },
47 silly resolved     repository: { type: 'git', url: 'git://github.com/tj/n.git' },
47 silly resolved     preferGlobal: true,
47 silly resolved     os: [ '!win32' ],
47 silly resolved     engines: { node: '*' },
47 silly resolved     license: 'MIT',
47 silly resolved     _id: 'n@1.2.13',
47 silly resolved     dist:
47 silly resolved      { shasum: '90922391ba49e2386ae316370915085042074190',
47 silly resolved        tarball: 'http://registry.npmjs.org/n/-/n-1.2.13.tgz' },
47 silly resolved     _from: 'n@*',
47 silly resolved     _npmVersion: '1.2.30',
47 silly resolved     _npmUser: { name: 'tjwebb', email: 'me@traviswebb.com' },
47 silly resolved     maintainers: [ [Object], [Object], [Object] ],
47 silly resolved     directories: {},
47 silly resolved     _shasum: '90922391ba49e2386ae316370915085042074190',
47 silly resolved     _resolved: 'https://registry.npmjs.org/n/-/n-1.2.13.tgz' } ]
48 info install n@1.2.13 into /usr/lib
49 info installOne n@1.2.13
50 verbose lib/node_modules/n unbuild
51 verbose gentlyRm vacuuming /usr/lib/node_modules/n
52 verbose tar unpack /home/marthaelena/.npm/n/1.2.13/package.tgz
53 silly lockFile fbc6e631-tar-usr-lib-node-modules-n tar:///usr/lib/node_modules/n
54 verbose lock tar:///usr/lib/node_modules/n /home/marthaelena/.npm/fbc6e631-tar-usr-lib-node-modules-n.lock
55 silly lockFile 7f515ddb-haelena-npm-n-1-2-13-package-tgz tar:///home/marthaelena/.npm/n/1.2.13/package.tgz
56 verbose lock tar:///home/marthaelena/.npm/n/1.2.13/package.tgz /home/marthaelena/.npm/7f515ddb-haelena-npm-n-1-2-13-package-tgz.lock
57 verbose gentlyRm vacuuming /usr/lib/node_modules/n
58 silly gunzTarPerm modes [ '775', '664' ]
59 verbose fstream_path /usr/lib/node_modules/n
60 verbose fstream_type Directory
61 verbose fstream_class DirWriter
62 verbose stack Error: EACCES, mkdir '/usr/lib/node_modules/n'
62 verbose stack     at Error (native)
63 verbose fstream_stack /usr/lib/node_modules/npm/node_modules/fstream/lib/dir-writer.js:36:23
63 verbose fstream_stack /usr/lib/node_modules/npm/node_modules/mkdirp/index.js:46:53
63 verbose fstream_stack Object.oncomplete (fs.js:93:15)
64 verbose cwd /home/marthaelena/Documentos/crazyness/where2eat
65 error Linux 3.13.0-43-generic
66 error argv "/usr/bin/node" "/usr/bin/npm" "install" "-g" "n"
67 error node v0.11.14
68 error npm  v2.0.0
69 error path /usr/lib/node_modules/n
70 error code EACCES
71 error errno -13
72 error Error: EACCES, mkdir '/usr/lib/node_modules/n'
72 error     at Error (native)
72 error  { [Error: EACCES, mkdir '/usr/lib/node_modules/n']
72 error   stack: 'Error: EACCES, mkdir \'/usr/lib/node_modules/n\'\n    at Error (native)',
72 error   errno: -13,
72 error   code: 'EACCES',
72 error   path: '/usr/lib/node_modules/n',
72 error   fstream_type: 'Directory',
72 error   fstream_path: '/usr/lib/node_modules/n',
72 error   fstream_class: 'DirWriter',
72 error   fstream_stack:
72 error    [ '/usr/lib/node_modules/npm/node_modules/fstream/lib/dir-writer.js:36:23',
72 error      '/usr/lib/node_modules/npm/node_modules/mkdirp/index.js:46:53',
72 error      'Object.oncomplete (fs.js:93:15)' ] }
73 error Please try running this command again as root/Administrator.
74 verbose exit [ -13, true ]
